<?xml version="1.0" encoding="UTF-8"?>
<coverage generated="1765055187040" clover="3.2.0">
  <project timestamp="1765055187040" name="All files">
    <metrics statements="70" coveredstatements="27" conditionals="6" coveredconditionals="2" methods="26" coveredmethods="10" elements="102" coveredelements="39" complexity="0" loc="70" ncloc="70" packages="3" files="11" classes="11"/>
    <package name="adapter">
      <metrics statements="26" coveredstatements="0" conditionals="0" coveredconditionals="0" methods="10" coveredmethods="0"/>
      <file name="createSubjectAdapter.ts" path="C:\Users\hcdie\Repositorios\Desarrollo_IOS_Backend_Ordinario\src\modules\subjects\adapter\createSubjectAdapter.ts">
        <metrics statements="6" coveredstatements="0" conditionals="0" coveredconditionals="0" methods="2" coveredmethods="0"/>
        <line num="2" count="0" type="stmt"/>
        <line num="3" count="0" type="stmt"/>
        <line num="6" count="0" type="stmt"/>
        <line num="9" count="0" type="stmt"/>
        <line num="13" count="0" type="stmt"/>
        <line num="14" count="0" type="stmt"/>
      </file>
      <file name="deleteSubjectAdapter.ts" path="C:\Users\hcdie\Repositorios\Desarrollo_IOS_Backend_Ordinario\src\modules\subjects\adapter\deleteSubjectAdapter.ts">
        <metrics statements="5" coveredstatements="0" conditionals="0" coveredconditionals="0" methods="2" coveredmethods="0"/>
        <line num="2" count="0" type="stmt"/>
        <line num="3" count="0" type="stmt"/>
        <line num="6" count="0" type="stmt"/>
        <line num="9" count="0" type="stmt"/>
        <line num="13" count="0" type="stmt"/>
      </file>
      <file name="getSubjectAdapter.ts" path="C:\Users\hcdie\Repositorios\Desarrollo_IOS_Backend_Ordinario\src\modules\subjects\adapter\getSubjectAdapter.ts">
        <metrics statements="5" coveredstatements="0" conditionals="0" coveredconditionals="0" methods="2" coveredmethods="0"/>
        <line num="2" count="0" type="stmt"/>
        <line num="3" count="0" type="stmt"/>
        <line num="6" count="0" type="stmt"/>
        <line num="9" count="0" type="stmt"/>
        <line num="13" count="0" type="stmt"/>
      </file>
      <file name="getSubjectsAdapter.ts" path="C:\Users\hcdie\Repositorios\Desarrollo_IOS_Backend_Ordinario\src\modules\subjects\adapter\getSubjectsAdapter.ts">
        <metrics statements="5" coveredstatements="0" conditionals="0" coveredconditionals="0" methods="2" coveredmethods="0"/>
        <line num="2" count="0" type="stmt"/>
        <line num="3" count="0" type="stmt"/>
        <line num="6" count="0" type="stmt"/>
        <line num="9" count="0" type="stmt"/>
        <line num="13" count="0" type="stmt"/>
      </file>
      <file name="updateSubjectAdapter.ts" path="C:\Users\hcdie\Repositorios\Desarrollo_IOS_Backend_Ordinario\src\modules\subjects\adapter\updateSubjectAdapter.ts">
        <metrics statements="5" coveredstatements="0" conditionals="0" coveredconditionals="0" methods="2" coveredmethods="0"/>
        <line num="2" count="0" type="stmt"/>
        <line num="3" count="0" type="stmt"/>
        <line num="6" count="0" type="stmt"/>
        <line num="9" count="0" type="stmt"/>
        <line num="13" count="0" type="stmt"/>
      </file>
    </package>
    <package name="infrastructure">
      <metrics statements="17" coveredstatements="0" conditionals="4" coveredconditionals="0" methods="6" coveredmethods="0"/>
      <file name="subjectsRepositoryFirebase.ts" path="C:\Users\hcdie\Repositorios\Desarrollo_IOS_Backend_Ordinario\src\modules\subjects\infrastructure\subjectsRepositoryFirebase.ts">
        <metrics statements="17" coveredstatements="0" conditionals="4" coveredconditionals="0" methods="6" coveredmethods="0"/>
        <line num="1" count="0" type="stmt"/>
        <line num="2" count="0" type="stmt"/>
        <line num="8" count="0" type="stmt"/>
        <line num="11" count="0" type="stmt"/>
        <line num="12" count="0" type="stmt"/>
        <line num="14" count="0" type="cond" truecount="0" falsecount="2"/>
        <line num="16" count="0" type="stmt"/>
        <line num="23" count="0" type="stmt"/>
        <line num="24" count="0" type="stmt"/>
        <line num="26" count="0" type="cond" truecount="0" falsecount="2"/>
        <line num="30" count="0" type="stmt"/>
        <line num="31" count="0" type="stmt"/>
        <line num="32" count="0" type="stmt"/>
        <line num="36" count="0" type="stmt"/>
        <line num="37" count="0" type="stmt"/>
        <line num="41" count="0" type="stmt"/>
        <line num="42" count="0" type="stmt"/>
      </file>
    </package>
    <package name="useCase">
      <metrics statements="27" coveredstatements="27" conditionals="2" coveredconditionals="2" methods="10" coveredmethods="10"/>
      <file name="createSubjectUseCase.ts" path="C:\Users\hcdie\Repositorios\Desarrollo_IOS_Backend_Ordinario\src\modules\subjects\useCase\createSubjectUseCase.ts">
        <metrics statements="5" coveredstatements="5" conditionals="0" coveredconditionals="0" methods="2" coveredmethods="2"/>
        <line num="1" count="1" type="stmt"/>
        <line num="6" count="1" type="stmt"/>
        <line num="9" count="1" type="stmt"/>
        <line num="13" count="1" type="stmt"/>
        <line num="15" count="1" type="stmt"/>
      </file>
      <file name="deleteSubjectUseCase.ts" path="C:\Users\hcdie\Repositorios\Desarrollo_IOS_Backend_Ordinario\src\modules\subjects\useCase\deleteSubjectUseCase.ts">
        <metrics statements="5" coveredstatements="5" conditionals="0" coveredconditionals="0" methods="2" coveredmethods="2"/>
        <line num="1" count="1" type="stmt"/>
        <line num="5" count="1" type="stmt"/>
        <line num="8" count="1" type="stmt"/>
        <line num="12" count="1" type="stmt"/>
        <line num="14" count="1" type="stmt"/>
      </file>
      <file name="getSubjectUseCase.ts" path="C:\Users\hcdie\Repositorios\Desarrollo_IOS_Backend_Ordinario\src\modules\subjects\useCase\getSubjectUseCase.ts">
        <metrics statements="7" coveredstatements="7" conditionals="2" coveredconditionals="2" methods="2" coveredmethods="2"/>
        <line num="1" count="1" type="stmt"/>
        <line num="5" count="1" type="stmt"/>
        <line num="8" count="2" type="stmt"/>
        <line num="12" count="2" type="stmt"/>
        <line num="14" count="2" type="cond" truecount="2" falsecount="0"/>
        <line num="15" count="1" type="stmt"/>
        <line num="17" count="1" type="stmt"/>
      </file>
      <file name="getSubjectsUseCase.ts" path="C:\Users\hcdie\Repositorios\Desarrollo_IOS_Backend_Ordinario\src\modules\subjects\useCase\getSubjectsUseCase.ts">
        <metrics statements="5" coveredstatements="5" conditionals="0" coveredconditionals="0" methods="2" coveredmethods="2"/>
        <line num="1" count="1" type="stmt"/>
        <line num="5" count="1" type="stmt"/>
        <line num="8" count="1" type="stmt"/>
        <line num="12" count="1" type="stmt"/>
        <line num="14" count="1" type="stmt"/>
      </file>
      <file name="updateSubjectUseCase.ts" path="C:\Users\hcdie\Repositorios\Desarrollo_IOS_Backend_Ordinario\src\modules\subjects\useCase\updateSubjectUseCase.ts">
        <metrics statements="5" coveredstatements="5" conditionals="0" coveredconditionals="0" methods="2" coveredmethods="2"/>
        <line num="1" count="1" type="stmt"/>
        <line num="6" count="1" type="stmt"/>
        <line num="9" count="1" type="stmt"/>
        <line num="13" count="1" type="stmt"/>
        <line num="15" count="1" type="stmt"/>
      </file>
    </package>
  </project>
</coverage>
