{"C:\\Users\\hcdie\\Repositorios\\Desarrollo_IOS_Backend_Ordinario\\src\\modules\\grades\\adapter\\createGradeAdapter.ts": {"path":"C:\\Users\\hcdie\\Repositorios\\Desarrollo_IOS_Backend_Ordinario\\src\\modules\\grades\\adapter\\createGradeAdapter.ts","statementMap":{"0":{"start":{"line":2,"column":0},"end":{"line":2,"column":46}},"1":{"start":{"line":3,"column":0},"end":{"line":3,"column":67}},"2":{"start":{"line":6,"column":7},"end":{"line":15,"column":null}},"3":{"start":{"line":8,"column":40},"end":{"line":8,"column":49}},"4":{"start":{"line":12,"column":52},"end":{"line":12,"column":62}},"5":{"start":{"line":13,"column":4},"end":{"line":13,"column":85}},"6":{"start":{"line":6,"column":13},"end":{"line":6,"column":31}},"7":{"start":{"line":6,"column":13},"end":{"line":15,"column":null}}},"fnMap":{"0":{"name":"(anonymous_4)","decl":{"start":{"line":7,"column":2},"end":{"line":7,"column":null}},"loc":{"start":{"line":8,"column":67},"end":{"line":9,"column":6}}},"1":{"name":"(anonymous_5)","decl":{"start":{"line":11,"column":2},"end":{"line":11,"column":7}},"loc":{"start":{"line":11,"column":28},"end":{"line":14,"column":3}}}},"branchMap":{},"s":{"0":0,"1":0,"2":0,"3":0,"4":0,"5":0,"6":0,"7":0},"f":{"0":0,"1":0},"b":{}}
,"C:\\Users\\hcdie\\Repositorios\\Desarrollo_IOS_Backend_Ordinario\\src\\modules\\grades\\adapter\\deleteGradeAdapter.ts": {"path":"C:\\Users\\hcdie\\Repositorios\\Desarrollo_IOS_Backend_Ordinario\\src\\modules\\grades\\adapter\\deleteGradeAdapter.ts","statementMap":{"0":{"start":{"line":2,"column":0},"end":{"line":2,"column":46}},"1":{"start":{"line":3,"column":0},"end":{"line":3,"column":67}},"2":{"start":{"line":6,"column":7},"end":{"line":15,"column":null}},"3":{"start":{"line":8,"column":40},"end":{"line":8,"column":49}},"4":{"start":{"line":12,"column":61},"end":{"line":12,"column":71}},"5":{"start":{"line":13,"column":4},"end":{"line":13,"column":84}},"6":{"start":{"line":6,"column":13},"end":{"line":6,"column":31}},"7":{"start":{"line":6,"column":13},"end":{"line":15,"column":null}}},"fnMap":{"0":{"name":"(anonymous_4)","decl":{"start":{"line":7,"column":2},"end":{"line":7,"column":null}},"loc":{"start":{"line":8,"column":67},"end":{"line":9,"column":6}}},"1":{"name":"(anonymous_5)","decl":{"start":{"line":11,"column":2},"end":{"line":11,"column":7}},"loc":{"start":{"line":11,"column":28},"end":{"line":14,"column":3}}}},"branchMap":{},"s":{"0":0,"1":0,"2":0,"3":0,"4":0,"5":0,"6":0,"7":0},"f":{"0":0,"1":0},"b":{}}
,"C:\\Users\\hcdie\\Repositorios\\Desarrollo_IOS_Backend_Ordinario\\src\\modules\\grades\\adapter\\getGradeAdapter.ts": {"path":"C:\\Users\\hcdie\\Repositorios\\Desarrollo_IOS_Backend_Ordinario\\src\\modules\\grades\\adapter\\getGradeAdapter.ts","statementMap":{"0":{"start":{"line":2,"column":0},"end":{"line":2,"column":46}},"1":{"start":{"line":3,"column":0},"end":{"line":3,"column":61}},"2":{"start":{"line":6,"column":7},"end":{"line":19,"column":null}},"3":{"start":{"line":8,"column":37},"end":{"line":8,"column":46}},"4":{"start":{"line":12,"column":4},"end":{"line":17,"column":6}},"5":{"start":{"line":6,"column":13},"end":{"line":6,"column":28}},"6":{"start":{"line":6,"column":13},"end":{"line":19,"column":null}}},"fnMap":{"0":{"name":"(anonymous_4)","decl":{"start":{"line":7,"column":2},"end":{"line":7,"column":null}},"loc":{"start":{"line":8,"column":61},"end":{"line":9,"column":6}}},"1":{"name":"(anonymous_5)","decl":{"start":{"line":11,"column":2},"end":{"line":11,"column":7}},"loc":{"start":{"line":11,"column":28},"end":{"line":18,"column":3}}}},"branchMap":{},"s":{"0":0,"1":0,"2":0,"3":0,"4":0,"5":0,"6":0},"f":{"0":0,"1":0},"b":{}}
,"C:\\Users\\hcdie\\Repositorios\\Desarrollo_IOS_Backend_Ordinario\\src\\modules\\grades\\adapter\\getGradesAdapter.ts": {"path":"C:\\Users\\hcdie\\Repositorios\\Desarrollo_IOS_Backend_Ordinario\\src\\modules\\grades\\adapter\\getGradesAdapter.ts","statementMap":{"0":{"start":{"line":2,"column":0},"end":{"line":2,"column":46}},"1":{"start":{"line":3,"column":0},"end":{"line":3,"column":63}},"2":{"start":{"line":6,"column":7},"end":{"line":15,"column":null}},"3":{"start":{"line":8,"column":38},"end":{"line":8,"column":47}},"4":{"start":{"line":12,"column":52},"end":{"line":12,"column":62}},"5":{"start":{"line":13,"column":4},"end":{"line":13,"column":75}},"6":{"start":{"line":6,"column":13},"end":{"line":6,"column":29}},"7":{"start":{"line":6,"column":13},"end":{"line":15,"column":null}}},"fnMap":{"0":{"name":"(anonymous_4)","decl":{"start":{"line":7,"column":2},"end":{"line":7,"column":null}},"loc":{"start":{"line":8,"column":63},"end":{"line":9,"column":6}}},"1":{"name":"(anonymous_5)","decl":{"start":{"line":11,"column":2},"end":{"line":11,"column":7}},"loc":{"start":{"line":11,"column":28},"end":{"line":14,"column":3}}}},"branchMap":{},"s":{"0":0,"1":0,"2":0,"3":0,"4":0,"5":0,"6":0,"7":0},"f":{"0":0,"1":0},"b":{}}
,"C:\\Users\\hcdie\\Repositorios\\Desarrollo_IOS_Backend_Ordinario\\src\\modules\\grades\\adapter\\updateGradeAdapter.ts": {"path":"C:\\Users\\hcdie\\Repositorios\\Desarrollo_IOS_Backend_Ordinario\\src\\modules\\grades\\adapter\\updateGradeAdapter.ts","statementMap":{"0":{"start":{"line":2,"column":0},"end":{"line":2,"column":46}},"1":{"start":{"line":3,"column":0},"end":{"line":3,"column":67}},"2":{"start":{"line":6,"column":7},"end":{"line":15,"column":null}},"3":{"start":{"line":8,"column":40},"end":{"line":8,"column":49}},"4":{"start":{"line":12,"column":61},"end":{"line":12,"column":71}},"5":{"start":{"line":13,"column":4},"end":{"line":13,"column":94}},"6":{"start":{"line":6,"column":13},"end":{"line":6,"column":31}},"7":{"start":{"line":6,"column":13},"end":{"line":15,"column":null}}},"fnMap":{"0":{"name":"(anonymous_4)","decl":{"start":{"line":7,"column":2},"end":{"line":7,"column":null}},"loc":{"start":{"line":8,"column":67},"end":{"line":9,"column":6}}},"1":{"name":"(anonymous_5)","decl":{"start":{"line":11,"column":2},"end":{"line":11,"column":7}},"loc":{"start":{"line":11,"column":28},"end":{"line":14,"column":3}}}},"branchMap":{},"s":{"0":0,"1":0,"2":0,"3":0,"4":0,"5":0,"6":0,"7":0},"f":{"0":0,"1":0},"b":{}}
,"C:\\Users\\hcdie\\Repositorios\\Desarrollo_IOS_Backend_Ordinario\\src\\modules\\grades\\infraestructure\\gradesRepositoryFirebase.ts": {"path":"C:\\Users\\hcdie\\Repositorios\\Desarrollo_IOS_Backend_Ordinario\\src\\modules\\grades\\infraestructure\\gradesRepositoryFirebase.ts","statementMap":{"0":{"start":{"line":1,"column":0},"end":{"line":1,"column":38}},"1":{"start":{"line":2,"column":0},"end":{"line":2,"column":46}},"2":{"start":{"line":8,"column":7},"end":{"line":44,"column":null}},"3":{"start":{"line":11,"column":16},"end":{"line":11,"column":88}},"4":{"start":{"line":12,"column":21},"end":{"line":12,"column":36}},"5":{"start":{"line":14,"column":4},"end":{"line":14,"column":38}},"6":{"start":{"line":14,"column":28},"end":{"line":14,"column":38}},"7":{"start":{"line":16,"column":4},"end":{"line":19,"column":8}},"8":{"start":{"line":16,"column":63},"end":{"line":19,"column":6}},"9":{"start":{"line":23,"column":16},"end":{"line":23,"column":99}},"10":{"start":{"line":24,"column":21},"end":{"line":24,"column":36}},"11":{"start":{"line":26,"column":4},"end":{"line":26,"column":73}},"12":{"start":{"line":30,"column":16},"end":{"line":30,"column":95}},"13":{"start":{"line":31,"column":4},"end":{"line":31,"column":24}},"14":{"start":{"line":32,"column":4},"end":{"line":32,"column":20}},"15":{"start":{"line":36,"column":16},"end":{"line":36,"column":99}},"16":{"start":{"line":37,"column":4},"end":{"line":37,"column":27}},"17":{"start":{"line":41,"column":16},"end":{"line":41,"column":99}},"18":{"start":{"line":42,"column":4},"end":{"line":42,"column":23}},"19":{"start":{"line":8,"column":13},"end":{"line":8,"column":37}},"20":{"start":{"line":8,"column":13},"end":{"line":44,"column":null}}},"fnMap":{"0":{"name":"(anonymous_1)","decl":{"start":{"line":10,"column":2},"end":{"line":10,"column":7}},"loc":{"start":{"line":10,"column":77},"end":{"line":20,"column":3}}},"1":{"name":"(anonymous_2)","decl":{"start":{"line":16,"column":46},"end":{"line":16,"column":47}},"loc":{"start":{"line":16,"column":63},"end":{"line":19,"column":6}}},"2":{"name":"(anonymous_3)","decl":{"start":{"line":22,"column":2},"end":{"line":22,"column":7}},"loc":{"start":{"line":22,"column":93},"end":{"line":27,"column":3}}},"3":{"name":"(anonymous_4)","decl":{"start":{"line":29,"column":2},"end":{"line":29,"column":7}},"loc":{"start":{"line":29,"column":102},"end":{"line":33,"column":3}}},"4":{"name":"(anonymous_5)","decl":{"start":{"line":35,"column":2},"end":{"line":35,"column":7}},"loc":{"start":{"line":35,"column":119},"end":{"line":38,"column":3}}},"5":{"name":"(anonymous_6)","decl":{"start":{"line":40,"column":2},"end":{"line":40,"column":7}},"loc":{"start":{"line":40,"column":96},"end":{"line":43,"column":3}}}},"branchMap":{"0":{"loc":{"start":{"line":14,"column":4},"end":{"line":14,"column":38}},"type":"if","locations":[{"start":{"line":14,"column":4},"end":{"line":14,"column":38}},{"start":{},"end":{}}]},"1":{"loc":{"start":{"line":26,"column":11},"end":{"line":26,"column":72}},"type":"cond-expr","locations":[{"start":{"line":26,"column":31},"end":{"line":26,"column":65}},{"start":{"line":26,"column":68},"end":{"line":26,"column":72}}]}},"s":{"0":0,"1":0,"2":0,"3":0,"4":0,"5":0,"6":0,"7":0,"8":0,"9":0,"10":0,"11":0,"12":0,"13":0,"14":0,"15":0,"16":0,"17":0,"18":0,"19":0,"20":0},"f":{"0":0,"1":0,"2":0,"3":0,"4":0,"5":0},"b":{"0":[0,0],"1":[0,0]}}
,"C:\\Users\\hcdie\\Repositorios\\Desarrollo_IOS_Backend_Ordinario\\src\\modules\\grades\\useCase\\createGradeUseCase.ts": {"path":"C:\\Users\\hcdie\\Repositorios\\Desarrollo_IOS_Backend_Ordinario\\src\\modules\\grades\\useCase\\createGradeUseCase.ts","statementMap":{"0":{"start":{"line":1,"column":0},"end":{"line":1,"column":46}},"1":{"start":{"line":6,"column":7},"end":{"line":15,"column":null}},"2":{"start":{"line":8,"column":40},"end":{"line":8,"column":62}},"3":{"start":{"line":12,"column":15},"end":{"line":12,"column":85}},"4":{"start":{"line":13,"column":4},"end":{"line":13,"column":50}},"5":{"start":{"line":6,"column":13},"end":{"line":6,"column":31}},"6":{"start":{"line":6,"column":13},"end":{"line":15,"column":null}}},"fnMap":{"0":{"name":"(anonymous_4)","decl":{"start":{"line":7,"column":2},"end":{"line":7,"column":null}},"loc":{"start":{"line":8,"column":62},"end":{"line":9,"column":6}}},"1":{"name":"(anonymous_5)","decl":{"start":{"line":11,"column":2},"end":{"line":11,"column":7}},"loc":{"start":{"line":11,"column":98},"end":{"line":14,"column":3}}}},"branchMap":{},"s":{"0":1,"1":1,"2":1,"3":1,"4":1,"5":1,"6":1},"f":{"0":1,"1":1},"b":{}}
,"C:\\Users\\hcdie\\Repositorios\\Desarrollo_IOS_Backend_Ordinario\\src\\modules\\grades\\useCase\\deleteGradeUseCase.ts": {"path":"C:\\Users\\hcdie\\Repositorios\\Desarrollo_IOS_Backend_Ordinario\\src\\modules\\grades\\useCase\\deleteGradeUseCase.ts","statementMap":{"0":{"start":{"line":1,"column":0},"end":{"line":1,"column":46}},"1":{"start":{"line":5,"column":7},"end":{"line":14,"column":null}},"2":{"start":{"line":7,"column":40},"end":{"line":7,"column":62}},"3":{"start":{"line":11,"column":4},"end":{"line":11,"column":78}},"4":{"start":{"line":12,"column":4},"end":{"line":12,"column":76}},"5":{"start":{"line":5,"column":13},"end":{"line":5,"column":31}},"6":{"start":{"line":5,"column":13},"end":{"line":14,"column":null}}},"fnMap":{"0":{"name":"(anonymous_4)","decl":{"start":{"line":6,"column":2},"end":{"line":6,"column":null}},"loc":{"start":{"line":7,"column":62},"end":{"line":8,"column":6}}},"1":{"name":"(anonymous_5)","decl":{"start":{"line":10,"column":2},"end":{"line":10,"column":7}},"loc":{"start":{"line":10,"column":92},"end":{"line":13,"column":3}}}},"branchMap":{},"s":{"0":1,"1":1,"2":1,"3":1,"4":1,"5":1,"6":1},"f":{"0":1,"1":1},"b":{}}
,"C:\\Users\\hcdie\\Repositorios\\Desarrollo_IOS_Backend_Ordinario\\src\\modules\\grades\\useCase\\getAverageUseCase.ts": {"path":"C:\\Users\\hcdie\\Repositorios\\Desarrollo_IOS_Backend_Ordinario\\src\\modules\\grades\\useCase\\getAverageUseCase.ts","statementMap":{"0":{"start":{"line":1,"column":0},"end":{"line":1,"column":46}},"1":{"start":{"line":5,"column":7},"end":{"line":21,"column":null}},"2":{"start":{"line":7,"column":40},"end":{"line":7,"column":62}},"3":{"start":{"line":11,"column":19},"end":{"line":11,"column":81}},"4":{"start":{"line":13,"column":4},"end":{"line":14,"column":41}},"5":{"start":{"line":14,"column":6},"end":{"line":14,"column":41}},"6":{"start":{"line":16,"column":18},"end":{"line":16,"column":61}},"7":{"start":{"line":16,"column":44},"end":{"line":16,"column":57}},"8":{"start":{"line":17,"column":16},"end":{"line":17,"column":37}},"9":{"start":{"line":19,"column":4},"end":{"line":19,"column":41}},"10":{"start":{"line":5,"column":13},"end":{"line":5,"column":30}},"11":{"start":{"line":5,"column":13},"end":{"line":21,"column":null}}},"fnMap":{"0":{"name":"(anonymous_4)","decl":{"start":{"line":6,"column":2},"end":{"line":6,"column":null}},"loc":{"start":{"line":7,"column":62},"end":{"line":8,"column":6}}},"1":{"name":"(anonymous_5)","decl":{"start":{"line":10,"column":2},"end":{"line":10,"column":7}},"loc":{"start":{"line":10,"column":75},"end":{"line":20,"column":3}}},"2":{"name":"(anonymous_6)","decl":{"start":{"line":16,"column":32},"end":{"line":16,"column":33}},"loc":{"start":{"line":16,"column":44},"end":{"line":16,"column":57}}}},"branchMap":{"0":{"loc":{"start":{"line":13,"column":4},"end":{"line":14,"column":41}},"type":"if","locations":[{"start":{"line":13,"column":4},"end":{"line":14,"column":41}},{"start":{},"end":{}}]}},"s":{"0":1,"1":1,"2":2,"3":2,"4":2,"5":1,"6":1,"7":3,"8":1,"9":1,"10":1,"11":1},"f":{"0":2,"1":2,"2":3},"b":{"0":[1,1]}}
,"C:\\Users\\hcdie\\Repositorios\\Desarrollo_IOS_Backend_Ordinario\\src\\modules\\grades\\useCase\\getGradeUseCase.ts": {"path":"C:\\Users\\hcdie\\Repositorios\\Desarrollo_IOS_Backend_Ordinario\\src\\modules\\grades\\useCase\\getGradeUseCase.ts","statementMap":{"0":{"start":{"line":1,"column":0},"end":{"line":1,"column":46}},"1":{"start":{"line":5,"column":7},"end":{"line":18,"column":null}},"2":{"start":{"line":7,"column":40},"end":{"line":7,"column":62}},"3":{"start":{"line":11,"column":18},"end":{"line":11,"column":88}},"4":{"start":{"line":13,"column":4},"end":{"line":14,"column":66}},"5":{"start":{"line":14,"column":6},"end":{"line":14,"column":66}},"6":{"start":{"line":16,"column":4},"end":{"line":16,"column":40}},"7":{"start":{"line":5,"column":13},"end":{"line":5,"column":28}},"8":{"start":{"line":5,"column":13},"end":{"line":18,"column":null}}},"fnMap":{"0":{"name":"(anonymous_4)","decl":{"start":{"line":6,"column":2},"end":{"line":6,"column":null}},"loc":{"start":{"line":7,"column":62},"end":{"line":8,"column":6}}},"1":{"name":"(anonymous_5)","decl":{"start":{"line":10,"column":2},"end":{"line":10,"column":7}},"loc":{"start":{"line":10,"column":92},"end":{"line":17,"column":3}}}},"branchMap":{"0":{"loc":{"start":{"line":13,"column":4},"end":{"line":14,"column":66}},"type":"if","locations":[{"start":{"line":13,"column":4},"end":{"line":14,"column":66}},{"start":{},"end":{}}]}},"s":{"0":1,"1":1,"2":2,"3":2,"4":2,"5":1,"6":1,"7":1,"8":1},"f":{"0":2,"1":2},"b":{"0":[1,1]}}
,"C:\\Users\\hcdie\\Repositorios\\Desarrollo_IOS_Backend_Ordinario\\src\\modules\\grades\\useCase\\getGradesUseCase.ts": {"path":"C:\\Users\\hcdie\\Repositorios\\Desarrollo_IOS_Backend_Ordinario\\src\\modules\\grades\\useCase\\getGradesUseCase.ts","statementMap":{"0":{"start":{"line":1,"column":0},"end":{"line":1,"column":46}},"1":{"start":{"line":5,"column":7},"end":{"line":14,"column":null}},"2":{"start":{"line":7,"column":40},"end":{"line":7,"column":62}},"3":{"start":{"line":11,"column":19},"end":{"line":11,"column":81}},"4":{"start":{"line":12,"column":4},"end":{"line":12,"column":41}},"5":{"start":{"line":5,"column":13},"end":{"line":5,"column":29}},"6":{"start":{"line":5,"column":13},"end":{"line":14,"column":null}}},"fnMap":{"0":{"name":"(anonymous_4)","decl":{"start":{"line":6,"column":2},"end":{"line":6,"column":null}},"loc":{"start":{"line":7,"column":62},"end":{"line":8,"column":6}}},"1":{"name":"(anonymous_5)","decl":{"start":{"line":10,"column":2},"end":{"line":10,"column":7}},"loc":{"start":{"line":10,"column":75},"end":{"line":13,"column":3}}}},"branchMap":{},"s":{"0":1,"1":1,"2":1,"3":1,"4":1,"5":1,"6":1},"f":{"0":1,"1":1},"b":{}}
,"C:\\Users\\hcdie\\Repositorios\\Desarrollo_IOS_Backend_Ordinario\\src\\modules\\grades\\useCase\\updateGradeUseCase.ts": {"path":"C:\\Users\\hcdie\\Repositorios\\Desarrollo_IOS_Backend_Ordinario\\src\\modules\\grades\\useCase\\updateGradeUseCase.ts","statementMap":{"0":{"start":{"line":1,"column":0},"end":{"line":1,"column":46}},"1":{"start":{"line":6,"column":7},"end":{"line":16,"column":null}},"2":{"start":{"line":8,"column":40},"end":{"line":8,"column":62}},"3":{"start":{"line":12,"column":4},"end":{"line":12,"column":84}},"4":{"start":{"line":14,"column":4},"end":{"line":14,"column":59}},"5":{"start":{"line":6,"column":13},"end":{"line":6,"column":31}},"6":{"start":{"line":6,"column":13},"end":{"line":16,"column":null}}},"fnMap":{"0":{"name":"(anonymous_4)","decl":{"start":{"line":7,"column":2},"end":{"line":7,"column":null}},"loc":{"start":{"line":8,"column":62},"end":{"line":9,"column":6}}},"1":{"name":"(anonymous_5)","decl":{"start":{"line":11,"column":2},"end":{"line":11,"column":7}},"loc":{"start":{"line":11,"column":115},"end":{"line":15,"column":3}}}},"branchMap":{},"s":{"0":1,"1":1,"2":1,"3":1,"4":1,"5":1,"6":1},"f":{"0":1,"1":1},"b":{}}
,"C:\\Users\\hcdie\\Repositorios\\Desarrollo_IOS_Backend_Ordinario\\src\\modules\\subjects\\adapter\\createSubjectAdapter.ts": {"path":"C:\\Users\\hcdie\\Repositorios\\Desarrollo_IOS_Backend_Ordinario\\src\\modules\\subjects\\adapter\\createSubjectAdapter.ts","statementMap":{"0":{"start":{"line":2,"column":0},"end":{"line":2,"column":46}},"1":{"start":{"line":3,"column":0},"end":{"line":3,"column":71}},"2":{"start":{"line":6,"column":7},"end":{"line":16,"column":null}},"3":{"start":{"line":9,"column":12},"end":{"line":9,"column":21}},"4":{"start":{"line":13,"column":41},"end":{"line":13,"column":51}},"5":{"start":{"line":14,"column":4},"end":{"line":14,"column":74}},"6":{"start":{"line":6,"column":13},"end":{"line":6,"column":33}},"7":{"start":{"line":6,"column":13},"end":{"line":16,"column":null}}},"fnMap":{"0":{"name":"(anonymous_4)","decl":{"start":{"line":7,"column":2},"end":{"line":7,"column":null}},"loc":{"start":{"line":9,"column":41},"end":{"line":10,"column":6}}},"1":{"name":"(anonymous_5)","decl":{"start":{"line":12,"column":2},"end":{"line":12,"column":7}},"loc":{"start":{"line":12,"column":28},"end":{"line":15,"column":3}}}},"branchMap":{},"s":{"0":0,"1":0,"2":0,"3":0,"4":0,"5":0,"6":0,"7":0},"f":{"0":0,"1":0},"b":{}}
,"C:\\Users\\hcdie\\Repositorios\\Desarrollo_IOS_Backend_Ordinario\\src\\modules\\subjects\\adapter\\deleteSubjectAdapter.ts": {"path":"C:\\Users\\hcdie\\Repositorios\\Desarrollo_IOS_Backend_Ordinario\\src\\modules\\subjects\\adapter\\deleteSubjectAdapter.ts","statementMap":{"0":{"start":{"line":2,"column":0},"end":{"line":2,"column":46}},"1":{"start":{"line":3,"column":0},"end":{"line":3,"column":71}},"2":{"start":{"line":6,"column":7},"end":{"line":19,"column":null}},"3":{"start":{"line":9,"column":12},"end":{"line":9,"column":21}},"4":{"start":{"line":13,"column":4},"end":{"line":17,"column":6}},"5":{"start":{"line":6,"column":13},"end":{"line":6,"column":33}},"6":{"start":{"line":6,"column":13},"end":{"line":19,"column":null}}},"fnMap":{"0":{"name":"(anonymous_4)","decl":{"start":{"line":7,"column":2},"end":{"line":7,"column":null}},"loc":{"start":{"line":9,"column":41},"end":{"line":10,"column":6}}},"1":{"name":"(anonymous_5)","decl":{"start":{"line":12,"column":2},"end":{"line":12,"column":7}},"loc":{"start":{"line":12,"column":28},"end":{"line":18,"column":3}}}},"branchMap":{},"s":{"0":0,"1":0,"2":0,"3":0,"4":0,"5":0,"6":0},"f":{"0":0,"1":0},"b":{}}
,"C:\\Users\\hcdie\\Repositorios\\Desarrollo_IOS_Backend_Ordinario\\src\\modules\\subjects\\adapter\\getSubjectAdapter.ts": {"path":"C:\\Users\\hcdie\\Repositorios\\Desarrollo_IOS_Backend_Ordinario\\src\\modules\\subjects\\adapter\\getSubjectAdapter.ts","statementMap":{"0":{"start":{"line":2,"column":0},"end":{"line":2,"column":46}},"1":{"start":{"line":3,"column":0},"end":{"line":3,"column":65}},"2":{"start":{"line":6,"column":7},"end":{"line":19,"column":null}},"3":{"start":{"line":9,"column":12},"end":{"line":9,"column":21}},"4":{"start":{"line":13,"column":4},"end":{"line":17,"column":6}},"5":{"start":{"line":6,"column":13},"end":{"line":6,"column":30}},"6":{"start":{"line":6,"column":13},"end":{"line":19,"column":null}}},"fnMap":{"0":{"name":"(anonymous_4)","decl":{"start":{"line":7,"column":2},"end":{"line":7,"column":null}},"loc":{"start":{"line":9,"column":38},"end":{"line":10,"column":6}}},"1":{"name":"(anonymous_5)","decl":{"start":{"line":12,"column":2},"end":{"line":12,"column":7}},"loc":{"start":{"line":12,"column":28},"end":{"line":18,"column":3}}}},"branchMap":{},"s":{"0":0,"1":0,"2":0,"3":0,"4":0,"5":0,"6":0},"f":{"0":0,"1":0},"b":{}}
,"C:\\Users\\hcdie\\Repositorios\\Desarrollo_IOS_Backend_Ordinario\\src\\modules\\subjects\\adapter\\getSubjectsAdapter.ts": {"path":"C:\\Users\\hcdie\\Repositorios\\Desarrollo_IOS_Backend_Ordinario\\src\\modules\\subjects\\adapter\\getSubjectsAdapter.ts","statementMap":{"0":{"start":{"line":2,"column":0},"end":{"line":2,"column":46}},"1":{"start":{"line":3,"column":0},"end":{"line":3,"column":67}},"2":{"start":{"line":6,"column":7},"end":{"line":15,"column":null}},"3":{"start":{"line":9,"column":12},"end":{"line":9,"column":21}},"4":{"start":{"line":13,"column":4},"end":{"line":13,"column":86}},"5":{"start":{"line":6,"column":13},"end":{"line":6,"column":31}},"6":{"start":{"line":6,"column":13},"end":{"line":15,"column":null}}},"fnMap":{"0":{"name":"(anonymous_4)","decl":{"start":{"line":7,"column":2},"end":{"line":7,"column":null}},"loc":{"start":{"line":9,"column":39},"end":{"line":10,"column":6}}},"1":{"name":"(anonymous_5)","decl":{"start":{"line":12,"column":2},"end":{"line":12,"column":7}},"loc":{"start":{"line":12,"column":28},"end":{"line":14,"column":3}}}},"branchMap":{},"s":{"0":0,"1":0,"2":0,"3":0,"4":0,"5":0,"6":0},"f":{"0":0,"1":0},"b":{}}
,"C:\\Users\\hcdie\\Repositorios\\Desarrollo_IOS_Backend_Ordinario\\src\\modules\\subjects\\adapter\\updateSubjectAdapter.ts": {"path":"C:\\Users\\hcdie\\Repositorios\\Desarrollo_IOS_Backend_Ordinario\\src\\modules\\subjects\\adapter\\updateSubjectAdapter.ts","statementMap":{"0":{"start":{"line":2,"column":0},"end":{"line":2,"column":46}},"1":{"start":{"line":3,"column":0},"end":{"line":3,"column":71}},"2":{"start":{"line":6,"column":7},"end":{"line":20,"column":null}},"3":{"start":{"line":9,"column":12},"end":{"line":9,"column":21}},"4":{"start":{"line":13,"column":4},"end":{"line":18,"column":6}},"5":{"start":{"line":6,"column":13},"end":{"line":6,"column":33}},"6":{"start":{"line":6,"column":13},"end":{"line":20,"column":null}}},"fnMap":{"0":{"name":"(anonymous_4)","decl":{"start":{"line":7,"column":2},"end":{"line":7,"column":null}},"loc":{"start":{"line":9,"column":41},"end":{"line":10,"column":6}}},"1":{"name":"(anonymous_5)","decl":{"start":{"line":12,"column":2},"end":{"line":12,"column":7}},"loc":{"start":{"line":12,"column":28},"end":{"line":19,"column":3}}}},"branchMap":{},"s":{"0":0,"1":0,"2":0,"3":0,"4":0,"5":0,"6":0},"f":{"0":0,"1":0},"b":{}}
,"C:\\Users\\hcdie\\Repositorios\\Desarrollo_IOS_Backend_Ordinario\\src\\modules\\subjects\\infrastructure\\subjectsRepositoryFirebase.ts": {"path":"C:\\Users\\hcdie\\Repositorios\\Desarrollo_IOS_Backend_Ordinario\\src\\modules\\subjects\\infrastructure\\subjectsRepositoryFirebase.ts","statementMap":{"0":{"start":{"line":1,"column":0},"end":{"line":1,"column":38}},"1":{"start":{"line":2,"column":0},"end":{"line":2,"column":46}},"2":{"start":{"line":8,"column":7},"end":{"line":44,"column":null}},"3":{"start":{"line":11,"column":16},"end":{"line":11,"column":77}},"4":{"start":{"line":12,"column":21},"end":{"line":12,"column":36}},"5":{"start":{"line":14,"column":4},"end":{"line":14,"column":38}},"6":{"start":{"line":14,"column":28},"end":{"line":14,"column":38}},"7":{"start":{"line":16,"column":4},"end":{"line":19,"column":8}},"8":{"start":{"line":16,"column":63},"end":{"line":19,"column":6}},"9":{"start":{"line":23,"column":16},"end":{"line":23,"column":90}},"10":{"start":{"line":24,"column":21},"end":{"line":24,"column":36}},"11":{"start":{"line":26,"column":4},"end":{"line":26,"column":75}},"12":{"start":{"line":30,"column":16},"end":{"line":30,"column":84}},"13":{"start":{"line":31,"column":4},"end":{"line":31,"column":24}},"14":{"start":{"line":32,"column":4},"end":{"line":32,"column":20}},"15":{"start":{"line":36,"column":16},"end":{"line":36,"column":90}},"16":{"start":{"line":37,"column":4},"end":{"line":37,"column":27}},"17":{"start":{"line":41,"column":16},"end":{"line":41,"column":90}},"18":{"start":{"line":42,"column":4},"end":{"line":42,"column":23}},"19":{"start":{"line":8,"column":13},"end":{"line":8,"column":39}},"20":{"start":{"line":8,"column":13},"end":{"line":44,"column":null}}},"fnMap":{"0":{"name":"(anonymous_1)","decl":{"start":{"line":10,"column":2},"end":{"line":10,"column":7}},"loc":{"start":{"line":10,"column":60},"end":{"line":20,"column":3}}},"1":{"name":"(anonymous_2)","decl":{"start":{"line":16,"column":46},"end":{"line":16,"column":47}},"loc":{"start":{"line":16,"column":63},"end":{"line":19,"column":6}}},"2":{"name":"(anonymous_3)","decl":{"start":{"line":22,"column":2},"end":{"line":22,"column":7}},"loc":{"start":{"line":22,"column":78},"end":{"line":27,"column":3}}},"3":{"name":"(anonymous_4)","decl":{"start":{"line":29,"column":2},"end":{"line":29,"column":7}},"loc":{"start":{"line":29,"column":87},"end":{"line":33,"column":3}}},"4":{"name":"(anonymous_5)","decl":{"start":{"line":35,"column":2},"end":{"line":35,"column":7}},"loc":{"start":{"line":35,"column":106},"end":{"line":38,"column":3}}},"5":{"name":"(anonymous_6)","decl":{"start":{"line":40,"column":2},"end":{"line":40,"column":7}},"loc":{"start":{"line":40,"column":81},"end":{"line":43,"column":3}}}},"branchMap":{"0":{"loc":{"start":{"line":14,"column":4},"end":{"line":14,"column":38}},"type":"if","locations":[{"start":{"line":14,"column":4},"end":{"line":14,"column":38}},{"start":{},"end":{}}]},"1":{"loc":{"start":{"line":26,"column":11},"end":{"line":26,"column":74}},"type":"cond-expr","locations":[{"start":{"line":26,"column":31},"end":{"line":26,"column":67}},{"start":{"line":26,"column":70},"end":{"line":26,"column":74}}]}},"s":{"0":0,"1":0,"2":0,"3":0,"4":0,"5":0,"6":0,"7":0,"8":0,"9":0,"10":0,"11":0,"12":0,"13":0,"14":0,"15":0,"16":0,"17":0,"18":0,"19":0,"20":0},"f":{"0":0,"1":0,"2":0,"3":0,"4":0,"5":0},"b":{"0":[0,0],"1":[0,0]}}
,"C:\\Users\\hcdie\\Repositorios\\Desarrollo_IOS_Backend_Ordinario\\src\\modules\\subjects\\useCase\\createSubjectUseCase.ts": {"path":"C:\\Users\\hcdie\\Repositorios\\Desarrollo_IOS_Backend_Ordinario\\src\\modules\\subjects\\useCase\\createSubjectUseCase.ts","statementMap":{"0":{"start":{"line":1,"column":0},"end":{"line":1,"column":46}},"1":{"start":{"line":6,"column":7},"end":{"line":20,"column":null}},"2":{"start":{"line":9,"column":12},"end":{"line":9,"column":36}},"3":{"start":{"line":13,"column":15},"end":{"line":13,"column":76}},"4":{"start":{"line":15,"column":4},"end":{"line":18,"column":6}},"5":{"start":{"line":6,"column":13},"end":{"line":6,"column":33}},"6":{"start":{"line":6,"column":13},"end":{"line":20,"column":null}}},"fnMap":{"0":{"name":"(anonymous_4)","decl":{"start":{"line":7,"column":2},"end":{"line":7,"column":null}},"loc":{"start":{"line":9,"column":36},"end":{"line":10,"column":6}}},"1":{"name":"(anonymous_5)","decl":{"start":{"line":12,"column":2},"end":{"line":12,"column":7}},"loc":{"start":{"line":12,"column":81},"end":{"line":19,"column":3}}}},"branchMap":{},"s":{"0":1,"1":1,"2":1,"3":1,"4":1,"5":1,"6":1},"f":{"0":1,"1":1},"b":{}}
,"C:\\Users\\hcdie\\Repositorios\\Desarrollo_IOS_Backend_Ordinario\\src\\modules\\subjects\\useCase\\deleteSubjectUseCase.ts": {"path":"C:\\Users\\hcdie\\Repositorios\\Desarrollo_IOS_Backend_Ordinario\\src\\modules\\subjects\\useCase\\deleteSubjectUseCase.ts","statementMap":{"0":{"start":{"line":1,"column":0},"end":{"line":1,"column":46}},"1":{"start":{"line":5,"column":7},"end":{"line":19,"column":null}},"2":{"start":{"line":8,"column":12},"end":{"line":8,"column":36}},"3":{"start":{"line":12,"column":4},"end":{"line":12,"column":71}},"4":{"start":{"line":14,"column":4},"end":{"line":17,"column":6}},"5":{"start":{"line":5,"column":13},"end":{"line":5,"column":33}},"6":{"start":{"line":5,"column":13},"end":{"line":19,"column":null}}},"fnMap":{"0":{"name":"(anonymous_4)","decl":{"start":{"line":6,"column":2},"end":{"line":6,"column":null}},"loc":{"start":{"line":8,"column":36},"end":{"line":9,"column":6}}},"1":{"name":"(anonymous_5)","decl":{"start":{"line":11,"column":2},"end":{"line":11,"column":7}},"loc":{"start":{"line":11,"column":75},"end":{"line":18,"column":3}}}},"branchMap":{},"s":{"0":1,"1":1,"2":1,"3":1,"4":1,"5":1,"6":1},"f":{"0":1,"1":1},"b":{}}
,"C:\\Users\\hcdie\\Repositorios\\Desarrollo_IOS_Backend_Ordinario\\src\\modules\\subjects\\useCase\\getSubjectUseCase.ts": {"path":"C:\\Users\\hcdie\\Repositorios\\Desarrollo_IOS_Backend_Ordinario\\src\\modules\\subjects\\useCase\\getSubjectUseCase.ts","statementMap":{"0":{"start":{"line":1,"column":0},"end":{"line":1,"column":46}},"1":{"start":{"line":5,"column":7},"end":{"line":22,"column":null}},"2":{"start":{"line":8,"column":12},"end":{"line":8,"column":36}},"3":{"start":{"line":12,"column":20},"end":{"line":12,"column":83}},"4":{"start":{"line":14,"column":4},"end":{"line":15,"column":61}},"5":{"start":{"line":15,"column":6},"end":{"line":15,"column":61}},"6":{"start":{"line":17,"column":4},"end":{"line":20,"column":6}},"7":{"start":{"line":5,"column":13},"end":{"line":5,"column":30}},"8":{"start":{"line":5,"column":13},"end":{"line":22,"column":null}}},"fnMap":{"0":{"name":"(anonymous_4)","decl":{"start":{"line":6,"column":2},"end":{"line":6,"column":null}},"loc":{"start":{"line":8,"column":36},"end":{"line":9,"column":6}}},"1":{"name":"(anonymous_5)","decl":{"start":{"line":11,"column":2},"end":{"line":11,"column":7}},"loc":{"start":{"line":11,"column":75},"end":{"line":21,"column":3}}}},"branchMap":{"0":{"loc":{"start":{"line":14,"column":4},"end":{"line":15,"column":61}},"type":"if","locations":[{"start":{"line":14,"column":4},"end":{"line":15,"column":61}},{"start":{},"end":{}}]}},"s":{"0":1,"1":1,"2":2,"3":2,"4":2,"5":1,"6":1,"7":1,"8":1},"f":{"0":2,"1":2},"b":{"0":[1,1]}}
,"C:\\Users\\hcdie\\Repositorios\\Desarrollo_IOS_Backend_Ordinario\\src\\modules\\subjects\\useCase\\getSubjectsUseCase.ts": {"path":"C:\\Users\\hcdie\\Repositorios\\Desarrollo_IOS_Backend_Ordinario\\src\\modules\\subjects\\useCase\\getSubjectsUseCase.ts","statementMap":{"0":{"start":{"line":1,"column":0},"end":{"line":1,"column":46}},"1":{"start":{"line":5,"column":7},"end":{"line":19,"column":null}},"2":{"start":{"line":8,"column":12},"end":{"line":8,"column":36}},"3":{"start":{"line":12,"column":21},"end":{"line":12,"column":74}},"4":{"start":{"line":14,"column":4},"end":{"line":17,"column":6}},"5":{"start":{"line":5,"column":13},"end":{"line":5,"column":31}},"6":{"start":{"line":5,"column":13},"end":{"line":19,"column":null}}},"fnMap":{"0":{"name":"(anonymous_4)","decl":{"start":{"line":6,"column":2},"end":{"line":6,"column":null}},"loc":{"start":{"line":8,"column":36},"end":{"line":9,"column":6}}},"1":{"name":"(anonymous_5)","decl":{"start":{"line":11,"column":2},"end":{"line":11,"column":7}},"loc":{"start":{"line":11,"column":56},"end":{"line":18,"column":3}}}},"branchMap":{},"s":{"0":1,"1":1,"2":1,"3":1,"4":1,"5":1,"6":1},"f":{"0":1,"1":1},"b":{}}
,"C:\\Users\\hcdie\\Repositorios\\Desarrollo_IOS_Backend_Ordinario\\src\\modules\\subjects\\useCase\\updateSubjectUseCase.ts": {"path":"C:\\Users\\hcdie\\Repositorios\\Desarrollo_IOS_Backend_Ordinario\\src\\modules\\subjects\\useCase\\updateSubjectUseCase.ts","statementMap":{"0":{"start":{"line":1,"column":0},"end":{"line":1,"column":46}},"1":{"start":{"line":6,"column":7},"end":{"line":20,"column":null}},"2":{"start":{"line":9,"column":12},"end":{"line":9,"column":36}},"3":{"start":{"line":13,"column":4},"end":{"line":13,"column":77}},"4":{"start":{"line":15,"column":4},"end":{"line":18,"column":6}},"5":{"start":{"line":6,"column":13},"end":{"line":6,"column":33}},"6":{"start":{"line":6,"column":13},"end":{"line":20,"column":null}}},"fnMap":{"0":{"name":"(anonymous_4)","decl":{"start":{"line":7,"column":2},"end":{"line":7,"column":null}},"loc":{"start":{"line":9,"column":36},"end":{"line":10,"column":6}}},"1":{"name":"(anonymous_5)","decl":{"start":{"line":12,"column":2},"end":{"line":12,"column":7}},"loc":{"start":{"line":12,"column":100},"end":{"line":19,"column":3}}}},"branchMap":{},"s":{"0":1,"1":1,"2":1,"3":1,"4":1,"5":1,"6":1},"f":{"0":1,"1":1},"b":{}}
,"C:\\Users\\hcdie\\Repositorios\\Desarrollo_IOS_Backend_Ordinario\\src\\modules\\tasks\\adapter\\createTaskAdapter.ts": {"path":"C:\\Users\\hcdie\\Repositorios\\Desarrollo_IOS_Backend_Ordinario\\src\\modules\\tasks\\adapter\\createTaskAdapter.ts","statementMap":{"0":{"start":{"line":2,"column":0},"end":{"line":2,"column":46}},"1":{"start":{"line":3,"column":0},"end":{"line":3,"column":65}},"2":{"start":{"line":6,"column":7},"end":{"line":18,"column":null}},"3":{"start":{"line":8,"column":39},"end":{"line":8,"column":48}},"4":{"start":{"line":12,"column":4},"end":{"line":16,"column":6}},"5":{"start":{"line":6,"column":13},"end":{"line":6,"column":30}},"6":{"start":{"line":6,"column":13},"end":{"line":18,"column":null}}},"fnMap":{"0":{"name":"(anonymous_4)","decl":{"start":{"line":7,"column":2},"end":{"line":7,"column":null}},"loc":{"start":{"line":8,"column":65},"end":{"line":9,"column":6}}},"1":{"name":"(anonymous_5)","decl":{"start":{"line":11,"column":2},"end":{"line":11,"column":7}},"loc":{"start":{"line":11,"column":28},"end":{"line":17,"column":3}}}},"branchMap":{},"s":{"0":0,"1":0,"2":0,"3":0,"4":0,"5":0,"6":0},"f":{"0":0,"1":0},"b":{}}
,"C:\\Users\\hcdie\\Repositorios\\Desarrollo_IOS_Backend_Ordinario\\src\\modules\\tasks\\adapter\\deleteTaskAdapter.ts": {"path":"C:\\Users\\hcdie\\Repositorios\\Desarrollo_IOS_Backend_Ordinario\\src\\modules\\tasks\\adapter\\deleteTaskAdapter.ts","statementMap":{"0":{"start":{"line":2,"column":0},"end":{"line":2,"column":46}},"1":{"start":{"line":3,"column":0},"end":{"line":3,"column":65}},"2":{"start":{"line":6,"column":7},"end":{"line":18,"column":null}},"3":{"start":{"line":8,"column":39},"end":{"line":8,"column":48}},"4":{"start":{"line":12,"column":4},"end":{"line":16,"column":6}},"5":{"start":{"line":6,"column":13},"end":{"line":6,"column":30}},"6":{"start":{"line":6,"column":13},"end":{"line":18,"column":null}}},"fnMap":{"0":{"name":"(anonymous_4)","decl":{"start":{"line":7,"column":2},"end":{"line":7,"column":null}},"loc":{"start":{"line":8,"column":65},"end":{"line":9,"column":6}}},"1":{"name":"(anonymous_5)","decl":{"start":{"line":11,"column":2},"end":{"line":11,"column":7}},"loc":{"start":{"line":11,"column":28},"end":{"line":17,"column":3}}}},"branchMap":{},"s":{"0":0,"1":0,"2":0,"3":0,"4":0,"5":0,"6":0},"f":{"0":0,"1":0},"b":{}}
,"C:\\Users\\hcdie\\Repositorios\\Desarrollo_IOS_Backend_Ordinario\\src\\modules\\tasks\\adapter\\getTaskAdapter.ts": {"path":"C:\\Users\\hcdie\\Repositorios\\Desarrollo_IOS_Backend_Ordinario\\src\\modules\\tasks\\adapter\\getTaskAdapter.ts","statementMap":{"0":{"start":{"line":2,"column":0},"end":{"line":2,"column":46}},"1":{"start":{"line":3,"column":0},"end":{"line":3,"column":59}},"2":{"start":{"line":6,"column":7},"end":{"line":18,"column":null}},"3":{"start":{"line":8,"column":36},"end":{"line":8,"column":45}},"4":{"start":{"line":12,"column":4},"end":{"line":16,"column":6}},"5":{"start":{"line":6,"column":13},"end":{"line":6,"column":27}},"6":{"start":{"line":6,"column":13},"end":{"line":18,"column":null}}},"fnMap":{"0":{"name":"(anonymous_4)","decl":{"start":{"line":7,"column":2},"end":{"line":7,"column":null}},"loc":{"start":{"line":8,"column":59},"end":{"line":9,"column":6}}},"1":{"name":"(anonymous_5)","decl":{"start":{"line":11,"column":2},"end":{"line":11,"column":7}},"loc":{"start":{"line":11,"column":28},"end":{"line":17,"column":3}}}},"branchMap":{},"s":{"0":0,"1":0,"2":0,"3":0,"4":0,"5":0,"6":0},"f":{"0":0,"1":0},"b":{}}
,"C:\\Users\\hcdie\\Repositorios\\Desarrollo_IOS_Backend_Ordinario\\src\\modules\\tasks\\adapter\\getTasksAdapter.ts": {"path":"C:\\Users\\hcdie\\Repositorios\\Desarrollo_IOS_Backend_Ordinario\\src\\modules\\tasks\\adapter\\getTasksAdapter.ts","statementMap":{"0":{"start":{"line":2,"column":0},"end":{"line":2,"column":46}},"1":{"start":{"line":3,"column":0},"end":{"line":3,"column":61}},"2":{"start":{"line":6,"column":7},"end":{"line":14,"column":null}},"3":{"start":{"line":8,"column":37},"end":{"line":8,"column":46}},"4":{"start":{"line":12,"column":4},"end":{"line":12,"column":86}},"5":{"start":{"line":6,"column":13},"end":{"line":6,"column":28}},"6":{"start":{"line":6,"column":13},"end":{"line":14,"column":null}}},"fnMap":{"0":{"name":"(anonymous_4)","decl":{"start":{"line":7,"column":2},"end":{"line":7,"column":null}},"loc":{"start":{"line":8,"column":61},"end":{"line":9,"column":6}}},"1":{"name":"(anonymous_5)","decl":{"start":{"line":11,"column":2},"end":{"line":11,"column":7}},"loc":{"start":{"line":11,"column":28},"end":{"line":13,"column":3}}}},"branchMap":{},"s":{"0":0,"1":0,"2":0,"3":0,"4":0,"5":0,"6":0},"f":{"0":0,"1":0},"b":{}}
,"C:\\Users\\hcdie\\Repositorios\\Desarrollo_IOS_Backend_Ordinario\\src\\modules\\tasks\\adapter\\updateTaskAdapter.ts": {"path":"C:\\Users\\hcdie\\Repositorios\\Desarrollo_IOS_Backend_Ordinario\\src\\modules\\tasks\\adapter\\updateTaskAdapter.ts","statementMap":{"0":{"start":{"line":2,"column":0},"end":{"line":2,"column":46}},"1":{"start":{"line":3,"column":0},"end":{"line":3,"column":65}},"2":{"start":{"line":6,"column":7},"end":{"line":19,"column":null}},"3":{"start":{"line":8,"column":39},"end":{"line":8,"column":48}},"4":{"start":{"line":12,"column":4},"end":{"line":17,"column":6}},"5":{"start":{"line":6,"column":13},"end":{"line":6,"column":30}},"6":{"start":{"line":6,"column":13},"end":{"line":19,"column":null}}},"fnMap":{"0":{"name":"(anonymous_4)","decl":{"start":{"line":7,"column":2},"end":{"line":7,"column":null}},"loc":{"start":{"line":8,"column":65},"end":{"line":9,"column":6}}},"1":{"name":"(anonymous_5)","decl":{"start":{"line":11,"column":2},"end":{"line":11,"column":7}},"loc":{"start":{"line":11,"column":28},"end":{"line":18,"column":3}}}},"branchMap":{},"s":{"0":0,"1":0,"2":0,"3":0,"4":0,"5":0,"6":0},"f":{"0":0,"1":0},"b":{}}
,"C:\\Users\\hcdie\\Repositorios\\Desarrollo_IOS_Backend_Ordinario\\src\\modules\\tasks\\infraestructure\\tasksRepositoryFirebase.ts": {"path":"C:\\Users\\hcdie\\Repositorios\\Desarrollo_IOS_Backend_Ordinario\\src\\modules\\tasks\\infraestructure\\tasksRepositoryFirebase.ts","statementMap":{"0":{"start":{"line":1,"column":0},"end":{"line":1,"column":38}},"1":{"start":{"line":2,"column":0},"end":{"line":2,"column":46}},"2":{"start":{"line":8,"column":7},"end":{"line":44,"column":null}},"3":{"start":{"line":11,"column":16},"end":{"line":11,"column":74}},"4":{"start":{"line":12,"column":21},"end":{"line":12,"column":36}},"5":{"start":{"line":14,"column":4},"end":{"line":14,"column":38}},"6":{"start":{"line":14,"column":28},"end":{"line":14,"column":38}},"7":{"start":{"line":16,"column":4},"end":{"line":19,"column":8}},"8":{"start":{"line":16,"column":63},"end":{"line":19,"column":6}},"9":{"start":{"line":23,"column":16},"end":{"line":23,"column":84}},"10":{"start":{"line":24,"column":21},"end":{"line":24,"column":36}},"11":{"start":{"line":26,"column":4},"end":{"line":26,"column":72}},"12":{"start":{"line":30,"column":16},"end":{"line":30,"column":81}},"13":{"start":{"line":31,"column":4},"end":{"line":31,"column":24}},"14":{"start":{"line":32,"column":4},"end":{"line":32,"column":20}},"15":{"start":{"line":36,"column":16},"end":{"line":36,"column":84}},"16":{"start":{"line":37,"column":4},"end":{"line":37,"column":27}},"17":{"start":{"line":41,"column":16},"end":{"line":41,"column":84}},"18":{"start":{"line":42,"column":4},"end":{"line":42,"column":23}},"19":{"start":{"line":8,"column":13},"end":{"line":8,"column":36}},"20":{"start":{"line":8,"column":13},"end":{"line":44,"column":null}}},"fnMap":{"0":{"name":"(anonymous_1)","decl":{"start":{"line":10,"column":2},"end":{"line":10,"column":7}},"loc":{"start":{"line":10,"column":57},"end":{"line":20,"column":3}}},"1":{"name":"(anonymous_2)","decl":{"start":{"line":16,"column":46},"end":{"line":16,"column":47}},"loc":{"start":{"line":16,"column":63},"end":{"line":19,"column":6}}},"2":{"name":"(anonymous_3)","decl":{"start":{"line":22,"column":2},"end":{"line":22,"column":7}},"loc":{"start":{"line":22,"column":72},"end":{"line":27,"column":3}}},"3":{"name":"(anonymous_4)","decl":{"start":{"line":29,"column":2},"end":{"line":29,"column":7}},"loc":{"start":{"line":29,"column":81},"end":{"line":33,"column":3}}},"4":{"name":"(anonymous_5)","decl":{"start":{"line":35,"column":2},"end":{"line":35,"column":7}},"loc":{"start":{"line":35,"column":97},"end":{"line":38,"column":3}}},"5":{"name":"(anonymous_6)","decl":{"start":{"line":40,"column":2},"end":{"line":40,"column":7}},"loc":{"start":{"line":40,"column":75},"end":{"line":43,"column":3}}}},"branchMap":{"0":{"loc":{"start":{"line":14,"column":4},"end":{"line":14,"column":38}},"type":"if","locations":[{"start":{"line":14,"column":4},"end":{"line":14,"column":38}},{"start":{},"end":{}}]},"1":{"loc":{"start":{"line":26,"column":11},"end":{"line":26,"column":71}},"type":"cond-expr","locations":[{"start":{"line":26,"column":31},"end":{"line":26,"column":64}},{"start":{"line":26,"column":67},"end":{"line":26,"column":71}}]}},"s":{"0":0,"1":0,"2":0,"3":0,"4":0,"5":0,"6":0,"7":0,"8":0,"9":0,"10":0,"11":0,"12":0,"13":0,"14":0,"15":0,"16":0,"17":0,"18":0,"19":0,"20":0},"f":{"0":0,"1":0,"2":0,"3":0,"4":0,"5":0},"b":{"0":[0,0],"1":[0,0]}}
,"C:\\Users\\hcdie\\Repositorios\\Desarrollo_IOS_Backend_Ordinario\\src\\modules\\tasks\\useCase\\createTaskUseCase.ts": {"path":"C:\\Users\\hcdie\\Repositorios\\Desarrollo_IOS_Backend_Ordinario\\src\\modules\\tasks\\useCase\\createTaskUseCase.ts","statementMap":{"0":{"start":{"line":1,"column":0},"end":{"line":1,"column":46}},"1":{"start":{"line":6,"column":7},"end":{"line":15,"column":null}},"2":{"start":{"line":8,"column":39},"end":{"line":8,"column":60}},"3":{"start":{"line":12,"column":15},"end":{"line":12,"column":73}},"4":{"start":{"line":13,"column":4},"end":{"line":13,"column":50}},"5":{"start":{"line":6,"column":13},"end":{"line":6,"column":30}},"6":{"start":{"line":6,"column":13},"end":{"line":15,"column":null}}},"fnMap":{"0":{"name":"(anonymous_4)","decl":{"start":{"line":7,"column":2},"end":{"line":7,"column":null}},"loc":{"start":{"line":8,"column":60},"end":{"line":9,"column":6}}},"1":{"name":"(anonymous_5)","decl":{"start":{"line":11,"column":2},"end":{"line":11,"column":7}},"loc":{"start":{"line":11,"column":78},"end":{"line":14,"column":3}}}},"branchMap":{},"s":{"0":1,"1":1,"2":1,"3":1,"4":1,"5":1,"6":1},"f":{"0":1,"1":1},"b":{}}
,"C:\\Users\\hcdie\\Repositorios\\Desarrollo_IOS_Backend_Ordinario\\src\\modules\\tasks\\useCase\\deleteTaskUseCase.ts": {"path":"C:\\Users\\hcdie\\Repositorios\\Desarrollo_IOS_Backend_Ordinario\\src\\modules\\tasks\\useCase\\deleteTaskUseCase.ts","statementMap":{"0":{"start":{"line":1,"column":0},"end":{"line":1,"column":46}},"1":{"start":{"line":5,"column":7},"end":{"line":15,"column":null}},"2":{"start":{"line":7,"column":39},"end":{"line":7,"column":60}},"3":{"start":{"line":11,"column":4},"end":{"line":11,"column":65}},"4":{"start":{"line":13,"column":4},"end":{"line":13,"column":69}},"5":{"start":{"line":5,"column":13},"end":{"line":5,"column":30}},"6":{"start":{"line":5,"column":13},"end":{"line":15,"column":null}}},"fnMap":{"0":{"name":"(anonymous_4)","decl":{"start":{"line":6,"column":2},"end":{"line":6,"column":null}},"loc":{"start":{"line":7,"column":60},"end":{"line":8,"column":6}}},"1":{"name":"(anonymous_5)","decl":{"start":{"line":10,"column":2},"end":{"line":10,"column":7}},"loc":{"start":{"line":10,"column":72},"end":{"line":14,"column":3}}}},"branchMap":{},"s":{"0":1,"1":1,"2":1,"3":1,"4":1,"5":1,"6":1},"f":{"0":1,"1":1},"b":{}}
,"C:\\Users\\hcdie\\Repositorios\\Desarrollo_IOS_Backend_Ordinario\\src\\modules\\tasks\\useCase\\getTaskUseCase.ts": {"path":"C:\\Users\\hcdie\\Repositorios\\Desarrollo_IOS_Backend_Ordinario\\src\\modules\\tasks\\useCase\\getTaskUseCase.ts","statementMap":{"0":{"start":{"line":1,"column":0},"end":{"line":1,"column":46}},"1":{"start":{"line":5,"column":7},"end":{"line":18,"column":null}},"2":{"start":{"line":7,"column":39},"end":{"line":7,"column":60}},"3":{"start":{"line":11,"column":17},"end":{"line":11,"column":74}},"4":{"start":{"line":13,"column":4},"end":{"line":14,"column":59}},"5":{"start":{"line":14,"column":6},"end":{"line":14,"column":59}},"6":{"start":{"line":16,"column":4},"end":{"line":16,"column":39}},"7":{"start":{"line":5,"column":13},"end":{"line":5,"column":27}},"8":{"start":{"line":5,"column":13},"end":{"line":18,"column":null}}},"fnMap":{"0":{"name":"(anonymous_4)","decl":{"start":{"line":6,"column":2},"end":{"line":6,"column":null}},"loc":{"start":{"line":7,"column":60},"end":{"line":8,"column":6}}},"1":{"name":"(anonymous_5)","decl":{"start":{"line":10,"column":2},"end":{"line":10,"column":7}},"loc":{"start":{"line":10,"column":72},"end":{"line":17,"column":3}}}},"branchMap":{"0":{"loc":{"start":{"line":13,"column":4},"end":{"line":14,"column":59}},"type":"if","locations":[{"start":{"line":13,"column":4},"end":{"line":14,"column":59}},{"start":{},"end":{}}]}},"s":{"0":1,"1":1,"2":2,"3":2,"4":2,"5":1,"6":1,"7":1,"8":1},"f":{"0":2,"1":2},"b":{"0":[1,1]}}
,"C:\\Users\\hcdie\\Repositorios\\Desarrollo_IOS_Backend_Ordinario\\src\\modules\\tasks\\useCase\\getTasksUseCase.ts": {"path":"C:\\Users\\hcdie\\Repositorios\\Desarrollo_IOS_Backend_Ordinario\\src\\modules\\tasks\\useCase\\getTasksUseCase.ts","statementMap":{"0":{"start":{"line":1,"column":0},"end":{"line":1,"column":46}},"1":{"start":{"line":5,"column":7},"end":{"line":14,"column":null}},"2":{"start":{"line":7,"column":39},"end":{"line":7,"column":60}},"3":{"start":{"line":11,"column":18},"end":{"line":11,"column":68}},"4":{"start":{"line":12,"column":4},"end":{"line":12,"column":40}},"5":{"start":{"line":5,"column":13},"end":{"line":5,"column":28}},"6":{"start":{"line":5,"column":13},"end":{"line":14,"column":null}}},"fnMap":{"0":{"name":"(anonymous_4)","decl":{"start":{"line":6,"column":2},"end":{"line":6,"column":null}},"loc":{"start":{"line":7,"column":60},"end":{"line":8,"column":6}}},"1":{"name":"(anonymous_5)","decl":{"start":{"line":10,"column":2},"end":{"line":10,"column":7}},"loc":{"start":{"line":10,"column":56},"end":{"line":13,"column":3}}}},"branchMap":{},"s":{"0":1,"1":1,"2":1,"3":1,"4":1,"5":1,"6":1},"f":{"0":1,"1":1},"b":{}}
,"C:\\Users\\hcdie\\Repositorios\\Desarrollo_IOS_Backend_Ordinario\\src\\modules\\tasks\\useCase\\updateTaskUseCase.ts": {"path":"C:\\Users\\hcdie\\Repositorios\\Desarrollo_IOS_Backend_Ordinario\\src\\modules\\tasks\\useCase\\updateTaskUseCase.ts","statementMap":{"0":{"start":{"line":1,"column":0},"end":{"line":1,"column":46}},"1":{"start":{"line":6,"column":7},"end":{"line":16,"column":null}},"2":{"start":{"line":8,"column":39},"end":{"line":8,"column":60}},"3":{"start":{"line":12,"column":4},"end":{"line":12,"column":71}},"4":{"start":{"line":14,"column":4},"end":{"line":14,"column":58}},"5":{"start":{"line":6,"column":13},"end":{"line":6,"column":30}},"6":{"start":{"line":6,"column":13},"end":{"line":16,"column":null}}},"fnMap":{"0":{"name":"(anonymous_4)","decl":{"start":{"line":7,"column":2},"end":{"line":7,"column":null}},"loc":{"start":{"line":8,"column":60},"end":{"line":9,"column":6}}},"1":{"name":"(anonymous_5)","decl":{"start":{"line":11,"column":2},"end":{"line":11,"column":7}},"loc":{"start":{"line":11,"column":94},"end":{"line":15,"column":3}}}},"branchMap":{},"s":{"0":1,"1":1,"2":1,"3":1,"4":1,"5":1,"6":1},"f":{"0":1,"1":1},"b":{}}
}
